<?xml version="1.0" encoding="UTF-8"?>
<!-- Generated by org.testng.reporters.JUnitXMLReporter -->
<testsuite hostname="Sankets-MacBook-Pro.local" name="Cumulus Test" tests="5" failures="0" timestamp="10 Nov 2017 05:54:52 GMT" time="0.07" errors="0">
  <testcase name="@BeforeClass defineObjects" time="0.0" classname="testcases.RunsTabDetailView">
    <failure type="java.lang.NullPointerException">
      <![CDATA[java.lang.NullPointerException
	at testcases.RunsTabDetailView.defineObjects(RunsTabDetailView.java:78)
	at testcases.LaunchScript.main(LaunchScript.java:37)
... Removed 21 stack frames]]>
    </failure>
  </testcase> <!-- @BeforeClass defineObjects -->
  <testcase name="@AfterMethod tocaptureScreenshot" time="0.0" classname="testcases.RunsTabDetailView">
    <skipped/>
  </testcase> <!-- @AfterMethod tocaptureScreenshot -->
  <testcase name="@AfterMethod tocaptureScreenshot" time="0.0" classname="testcases.RunsTabDetailView">
    <skipped/>
  </testcase> <!-- @AfterMethod tocaptureScreenshot -->
  <testcase name="@AfterMethod tocaptureScreenshot" time="0.0" classname="testcases.RunsTabDetailView">
    <skipped/>
  </testcase> <!-- @AfterMethod tocaptureScreenshot -->
  <testcase name="@AfterMethod tocaptureScreenshot" time="0.0" classname="testcases.RunsTabDetailView">
    <skipped/>
  </testcase> <!-- @AfterMethod tocaptureScreenshot -->
  <testcase name="@AfterMethod tocaptureScreenshot" time="0.0" classname="testcases.RunsTabDetailView">
    <skipped/>
  </testcase> <!-- @AfterMethod tocaptureScreenshot -->
  <testcase name="@AfterClass logout" time="0.0" classname="testcases.RunsTabDetailView">
    <skipped/>
  </testcase> <!-- @AfterClass logout -->
  <testcase name="toCompareRunOverviewColumnValuesOfDetailViewWithListView" time="0.0" classname="testcases.RunsTabDetailView">
    <skipped/>
  </testcase> <!-- toCompareRunOverviewColumnValuesOfDetailViewWithListView -->
  <testcase name="toVerifyThePresenceOfWebElementsUnderRunOverviewSectionForDetailView" time="0.0" classname="testcases.RunsTabDetailView">
    <skipped/>
  </testcase> <!-- toVerifyThePresenceOfWebElementsUnderRunOverviewSectionForDetailView -->
  <testcase name="toVerifyTheURLOfRunStatusLink" time="0.0" classname="testcases.RunsTabDetailView">
    <skipped/>
  </testcase> <!-- toVerifyTheURLOfRunStatusLink -->
  <testcase name="toVerifyRecordsAreSortedAsPerPFolderNumberColumn" time="0.0" classname="testcases.RunsTabDetailView">
    <skipped/>
  </testcase> <!-- toVerifyRecordsAreSortedAsPerPFolderNumberColumn -->
  <testcase name="toVerifyAllTheLinksOnRunsTabForDetailView" time="0.0" classname="testcases.RunsTabDetailView">
    <skipped/>
  </testcase> <!-- toVerifyAllTheLinksOnRunsTabForDetailView -->
</testsuite> <!-- Cumulus Test -->
