<?xml version="1.0" encoding="UTF-8"?>
<testng-results skipped="5" failed="0" total="5" passed="0">
  <reporter-output>
  </reporter-output>
  <suite name="Cumulus Suite" duration-ms="70" started-at="2017-11-10T05:54:52Z" finished-at="2017-11-10T05:54:52Z">
    <groups>
    </groups>
    <test name="Cumulus Test" duration-ms="70" started-at="2017-11-10T05:54:52Z" finished-at="2017-11-10T05:54:52Z">
      <class name="testcases.LogInApplication">
        <test-method status="PASS" signature="launchAndLogin()[pri:0, instance:testcases.LogInApplication@7770f470]" name="launchAndLogin" is-config="true" duration-ms="21016" started-at="2017-11-10T11:24:31Z" finished-at="2017-11-10T11:24:52Z">
          <reporter-output>
          </reporter-output>
        </test-method> <!-- launchAndLogin -->
        <test-method status="FAIL" signature="logout()[pri:0, instance:testcases.LogInApplication@7770f470]" name="logout" is-config="true" duration-ms="0" started-at="2017-11-10T11:24:52Z" finished-at="2017-11-10T11:24:52Z">
          <exception class="org.openqa.selenium.NoSuchSessionException">
            <message>
              <![CDATA[no such session
  (Driver info: chromedriver=2.31.488774 (7e15618d1bf16df8bf0ecf2914ed1964a387ba0b),platform=Mac OS X 10.12.6 x86_64) (WARNING: The server did not provide any stacktrace information)
Command duration or timeout: 35 milliseconds
Build info: version: '3.0.1', revision: '1969d75', time: '2016-10-18 09:49:13 -0700'
System info: host: 'Sankets-MacBook-Pro.local', ip: '192.168.4.197', os.name: 'Mac OS X', os.arch: 'x86_64', os.version: '10.12.6', java.version: '1.8.0_112'
Driver info: org.openqa.selenium.chrome.ChromeDriver
Capabilities [{applicationCacheEnabled=false, rotatable=false, mobileEmulationEnabled=false, networkConnectionEnabled=false, chrome={chromedriverVersion=2.31.488774 (7e15618d1bf16df8bf0ecf2914ed1964a387ba0b), userDataDir=/var/folders/2r/_d_mkjpd3jld7qvnyr7w0jqc0000gn/T/.org.chromium.Chromium.wZHv7g}, takesHeapSnapshot=true, pageLoadStrategy=normal, databaseEnabled=false, handlesAlerts=true, hasTouchScreen=false, version=61.0.3163.100, platform=MAC, browserConnectionEnabled=false, nativeEvents=true, acceptSslCerts=true, locationContextEnabled=true, webStorageEnabled=true, browserName=chrome, takesScreenshot=true, javascriptEnabled=true, cssSelectorsEnabled=true, setWindowRect=true, unexpectedAlertBehaviour=}]
Session ID: 0a635a47289f1392c5f1eb37fc5a6a39]]>
            </message>
            <full-stacktrace>
              <![CDATA[org.openqa.selenium.NoSuchSessionException: no such session
  (Driver info: chromedriver=2.31.488774 (7e15618d1bf16df8bf0ecf2914ed1964a387ba0b),platform=Mac OS X 10.12.6 x86_64) (WARNING: The server did not provide any stacktrace information)
Command duration or timeout: 35 milliseconds
Build info: version: '3.0.1', revision: '1969d75', time: '2016-10-18 09:49:13 -0700'
System info: host: 'Sankets-MacBook-Pro.local', ip: '192.168.4.197', os.name: 'Mac OS X', os.arch: 'x86_64', os.version: '10.12.6', java.version: '1.8.0_112'
Driver info: org.openqa.selenium.chrome.ChromeDriver
Capabilities [{applicationCacheEnabled=false, rotatable=false, mobileEmulationEnabled=false, networkConnectionEnabled=false, chrome={chromedriverVersion=2.31.488774 (7e15618d1bf16df8bf0ecf2914ed1964a387ba0b), userDataDir=/var/folders/2r/_d_mkjpd3jld7qvnyr7w0jqc0000gn/T/.org.chromium.Chromium.wZHv7g}, takesHeapSnapshot=true, pageLoadStrategy=normal, databaseEnabled=false, handlesAlerts=true, hasTouchScreen=false, version=61.0.3163.100, platform=MAC, browserConnectionEnabled=false, nativeEvents=true, acceptSslCerts=true, locationContextEnabled=true, webStorageEnabled=true, browserName=chrome, takesScreenshot=true, javascriptEnabled=true, cssSelectorsEnabled=true, setWindowRect=true, unexpectedAlertBehaviour=}]
Session ID: 0a635a47289f1392c5f1eb37fc5a6a39
	at sun.reflect.NativeConstructorAccessorImpl.newInstance0(Native Method)
	at sun.reflect.NativeConstructorAccessorImpl.newInstance(NativeConstructorAccessorImpl.java:62)
	at sun.reflect.DelegatingConstructorAccessorImpl.newInstance(DelegatingConstructorAccessorImpl.java:45)
	at java.lang.reflect.Constructor.newInstance(Constructor.java:423)
	at org.openqa.selenium.remote.ErrorHandler.createThrowable(ErrorHandler.java:216)
	at org.openqa.selenium.remote.ErrorHandler.throwIfResponseFailed(ErrorHandler.java:168)
	at org.openqa.selenium.remote.RemoteWebDriver.execute(RemoteWebDriver.java:635)
	at org.openqa.selenium.remote.RemoteWebDriver.execute(RemoteWebDriver.java:658)
	at org.openqa.selenium.remote.RemoteWebDriver.close(RemoteWebDriver.java:487)
	at testcases.LogInApplication.logout(LogInApplication.java:95)
	at sun.reflect.NativeMethodAccessorImpl.invoke0(Native Method)
	at sun.reflect.NativeMethodAccessorImpl.invoke(NativeMethodAccessorImpl.java:62)
	at sun.reflect.DelegatingMethodAccessorImpl.invoke(DelegatingMethodAccessorImpl.java:43)
	at java.lang.reflect.Method.invoke(Method.java:498)
	at org.testng.internal.MethodInvocationHelper.invokeMethod(MethodInvocationHelper.java:84)
	at org.testng.internal.Invoker.invokeConfigurationMethod(Invoker.java:564)
	at org.testng.internal.Invoker.invokeConfigurations(Invoker.java:213)
	at org.testng.internal.Invoker.invokeConfigurations(Invoker.java:138)
	at org.testng.SuiteRunner.privateRun(SuiteRunner.java:308)
	at org.testng.SuiteRunner.run(SuiteRunner.java:240)
	at org.testng.SuiteRunnerWorker.runSuite(SuiteRunnerWorker.java:52)
	at org.testng.SuiteRunnerWorker.run(SuiteRunnerWorker.java:86)
	at org.testng.TestNG.runSuitesSequentially(TestNG.java:1224)
	at org.testng.TestNG.runSuitesLocally(TestNG.java:1149)
	at org.testng.TestNG.run(TestNG.java:1057)
	at testcases.LaunchScript.main(LaunchScript.java:37)
]]>
            </full-stacktrace>
          </exception> <!-- org.openqa.selenium.NoSuchSessionException -->
          <reporter-output>
          </reporter-output>
        </test-method> <!-- logout -->
      </class> <!-- testcases.LogInApplication -->
      <class name="testcases.RunsTabDetailView">
        <test-method status="FAIL" signature="defineObjects()[pri:0, instance:testcases.RunsTabDetailView@1ff4931d]" name="defineObjects" is-config="true" duration-ms="0" started-at="2017-11-10T11:24:52Z" finished-at="2017-11-10T11:24:52Z">
          <exception class="java.lang.NullPointerException">
            <full-stacktrace>
              <![CDATA[java.lang.NullPointerException
	at testcases.RunsTabDetailView.defineObjects(RunsTabDetailView.java:78)
	at sun.reflect.NativeMethodAccessorImpl.invoke0(Native Method)
	at sun.reflect.NativeMethodAccessorImpl.invoke(NativeMethodAccessorImpl.java:62)
	at sun.reflect.DelegatingMethodAccessorImpl.invoke(DelegatingMethodAccessorImpl.java:43)
	at java.lang.reflect.Method.invoke(Method.java:498)
	at org.testng.internal.MethodInvocationHelper.invokeMethod(MethodInvocationHelper.java:84)
	at org.testng.internal.Invoker.invokeConfigurationMethod(Invoker.java:564)
	at org.testng.internal.Invoker.invokeConfigurations(Invoker.java:213)
	at org.testng.internal.Invoker.invokeConfigurations(Invoker.java:138)
	at org.testng.internal.TestMethodWorker.invokeBeforeClassMethods(TestMethodWorker.java:175)
	at org.testng.internal.TestMethodWorker.run(TestMethodWorker.java:107)
	at org.testng.TestRunner.privateRun(TestRunner.java:767)
	at org.testng.TestRunner.run(TestRunner.java:617)
	at org.testng.SuiteRunner.runTest(SuiteRunner.java:334)
	at org.testng.SuiteRunner.runSequentially(SuiteRunner.java:329)
	at org.testng.SuiteRunner.privateRun(SuiteRunner.java:291)
	at org.testng.SuiteRunner.run(SuiteRunner.java:240)
	at org.testng.SuiteRunnerWorker.runSuite(SuiteRunnerWorker.java:52)
	at org.testng.SuiteRunnerWorker.run(SuiteRunnerWorker.java:86)
	at org.testng.TestNG.runSuitesSequentially(TestNG.java:1224)
	at org.testng.TestNG.runSuitesLocally(TestNG.java:1149)
	at org.testng.TestNG.run(TestNG.java:1057)
	at testcases.LaunchScript.main(LaunchScript.java:37)
]]>
            </full-stacktrace>
          </exception> <!-- java.lang.NullPointerException -->
          <reporter-output>
          </reporter-output>
        </test-method> <!-- defineObjects -->
        <test-method status="SKIP" signature="tocaptureScreenshot(org.testng.ITestResult)[pri:0, instance:testcases.RunsTabDetailView@1ff4931d]" name="tocaptureScreenshot" is-config="true" duration-ms="0" started-at="2017-11-10T11:24:52Z" finished-at="2017-11-10T11:24:52Z">
          <reporter-output>
          </reporter-output>
        </test-method> <!-- tocaptureScreenshot -->
        <test-method status="SKIP" signature="toCompareRunOverviewColumnValuesOfDetailViewWithListView()[pri:0, instance:testcases.RunsTabDetailView@1ff4931d]" name="toCompareRunOverviewColumnValuesOfDetailViewWithListView" duration-ms="0" started-at="2017-11-10T11:24:52Z" finished-at="2017-11-10T11:24:52Z">
          <reporter-output>
          </reporter-output>
        </test-method> <!-- toCompareRunOverviewColumnValuesOfDetailViewWithListView -->
        <test-method status="SKIP" signature="tocaptureScreenshot(org.testng.ITestResult)[pri:0, instance:testcases.RunsTabDetailView@1ff4931d]" name="tocaptureScreenshot" is-config="true" duration-ms="0" started-at="2017-11-10T11:24:52Z" finished-at="2017-11-10T11:24:52Z">
          <reporter-output>
          </reporter-output>
        </test-method> <!-- tocaptureScreenshot -->
        <test-method status="SKIP" signature="tocaptureScreenshot(org.testng.ITestResult)[pri:0, instance:testcases.RunsTabDetailView@1ff4931d]" name="tocaptureScreenshot" is-config="true" duration-ms="0" started-at="2017-11-10T11:24:52Z" finished-at="2017-11-10T11:24:52Z">
          <reporter-output>
          </reporter-output>
        </test-method> <!-- tocaptureScreenshot -->
        <test-method status="SKIP" signature="toVerifyTheURLOfRunStatusLink()[pri:0, instance:testcases.RunsTabDetailView@1ff4931d]" name="toVerifyTheURLOfRunStatusLink" duration-ms="0" started-at="2017-11-10T11:24:52Z" finished-at="2017-11-10T11:24:52Z">
          <reporter-output>
          </reporter-output>
        </test-method> <!-- toVerifyTheURLOfRunStatusLink -->
        <test-method status="SKIP" signature="toVerifyThePresenceOfWebElementsUnderRunOverviewSectionForDetailView()[pri:0, instance:testcases.RunsTabDetailView@1ff4931d]" name="toVerifyThePresenceOfWebElementsUnderRunOverviewSectionForDetailView" duration-ms="0" started-at="2017-11-10T11:24:52Z" finished-at="2017-11-10T11:24:52Z">
          <reporter-output>
          </reporter-output>
        </test-method> <!-- toVerifyThePresenceOfWebElementsUnderRunOverviewSectionForDetailView -->
        <test-method status="SKIP" signature="tocaptureScreenshot(org.testng.ITestResult)[pri:0, instance:testcases.RunsTabDetailView@1ff4931d]" name="tocaptureScreenshot" is-config="true" duration-ms="0" started-at="2017-11-10T11:24:52Z" finished-at="2017-11-10T11:24:52Z">
          <reporter-output>
          </reporter-output>
        </test-method> <!-- tocaptureScreenshot -->
        <test-method status="SKIP" signature="toVerifyRecordsAreSortedAsPerPFolderNumberColumn()[pri:0, instance:testcases.RunsTabDetailView@1ff4931d]" name="toVerifyRecordsAreSortedAsPerPFolderNumberColumn" duration-ms="0" started-at="2017-11-10T11:24:52Z" finished-at="2017-11-10T11:24:52Z">
          <reporter-output>
          </reporter-output>
        </test-method> <!-- toVerifyRecordsAreSortedAsPerPFolderNumberColumn -->
        <test-method status="SKIP" signature="logout()[pri:0, instance:testcases.RunsTabDetailView@1ff4931d]" name="logout" is-config="true" duration-ms="0" started-at="2017-11-10T11:24:52Z" finished-at="2017-11-10T11:24:52Z">
          <reporter-output>
          </reporter-output>
        </test-method> <!-- logout -->
        <test-method status="SKIP" signature="tocaptureScreenshot(org.testng.ITestResult)[pri:0, instance:testcases.RunsTabDetailView@1ff4931d]" name="tocaptureScreenshot" is-config="true" duration-ms="0" started-at="2017-11-10T11:24:52Z" finished-at="2017-11-10T11:24:52Z">
          <reporter-output>
          </reporter-output>
        </test-method> <!-- tocaptureScreenshot -->
        <test-method status="SKIP" signature="toVerifyAllTheLinksOnRunsTabForDetailView()[pri:0, instance:testcases.RunsTabDetailView@1ff4931d]" name="toVerifyAllTheLinksOnRunsTabForDetailView" duration-ms="0" started-at="2017-11-10T11:24:52Z" finished-at="2017-11-10T11:24:52Z">
          <reporter-output>
          </reporter-output>
        </test-method> <!-- toVerifyAllTheLinksOnRunsTabForDetailView -->
      </class> <!-- testcases.RunsTabDetailView -->
    </test> <!-- Cumulus Test -->
  </suite> <!-- Cumulus Suite -->
</testng-results>
